<?xml version="1.0" encoding="UTF-8"?>
<!-- Generated by org.testng.reporters.JUnitXMLReporter -->
<testsuite ignored="0" hostname="DESKTOP-ED7RK1L" failures="0" tests="10" name="Default test" time="41.332" errors="0" timestamp="2024-04-04T10:30:31 NPT">
  <testcase classname="myproject.DashBoardTest" name="verifyLoginStatusText" time="2.577"/>
  <testcase classname="myproject.DashBoardTest" name="verifyGreetingText" time="2.063"/>
  <testcase classname="myproject.DashBoardTest" name="verifyTotalApplicants" time="1.974"/>
  <testcase classname="myproject.DashBoardTest" name="verifyTotalApplicantsNumber" time="2.994"/>
  <testcase classname="myproject.DashBoardTest" name="verifyTotalApplications" time="1.909"/>
  <testcase classname="myproject.DashBoardTest" name="verifyTotalApplicationsNumber" time="2.853"/>
  <testcase classname="myproject.DashBoardTest" name="verifyGrantedStudent" time="1.93"/>
  <testcase classname="myproject.DashBoardTest" name="verifyGrantedStudentNumber" time="2.877"/>
  <testcase classname="myproject.DashBoardTest" name="verifyTotalUniversities" time="2.03"/>
  <testcase classname="myproject.DashBoardTest" name="verifyTotalUniversitiesNumber" time="2.854"/>
</testsuite> <!-- Default test -->
